<?xml version="1.0" encoding="utf-8"?>
<word>
  <form>keyalo</form>
  <seq step="Try to build a Full analysis node on an uninflected Stem node.">
	<morph wordType="proclitic">
	  <shortName>ke= (Question): ke</shortName>
	  <stemMsa cat="103" catAbbr="part" inflClass="0" requiresInfl="-" />
	</morph>
	<full syncat="81" syncatAbbr="n" requiresInfl="+" inflected="-">
	  <stem syncat="81" syncatAbbr="n" inflClass="99" inflClassAbbr="I" requiresInfl="+">
		<morph wordType="root">
		  <shortName>yalo (mat): yalo</shortName>
		  <stemMsa cat="81" catAbbr="n" inflClass="99" inflClassAbbr="I" requiresInfl="+" />
		</morph>
	  </stem>
	</full>
  </seq>
  <seq step="Try to apply inflectional template 'Possessed noun'.  The result will be a Full analysis node.">
	<morph wordType="proclitic">
	  <shortName>ke= (Question): ke</shortName>
	  <stemMsa cat="103" catAbbr="part" inflClass="0" requiresInfl="-" />
	</morph>
	<full syncat="81" syncatAbbr="n" requiresInfl="-" inflected="+"><stem syncat="81" syncatAbbr="n" inflClass="99" inflClassAbbr="I" requiresInfl="+"><morph wordType="root"><shortName>yalo (mat): yalo</shortName><stemMsa cat="81" catAbbr="n" inflClass="99" inflClassAbbr="I" requiresInfl="+" /></morph></stem></full>
  </seq>
  <seq step="Try to apply inflectional template 'Intransitive verb'.  The result will be a Full analysis node.">
	<morph wordType="proclitic">
	  <shortName>ke= (Question): ke</shortName>
	  <stemMsa cat="103" catAbbr="part" inflClass="0" requiresInfl="-" />
	</morph>
	<full syncat="81" syncatAbbr="n" requiresInfl="-" inflected="+">
	  <failure>The  category (intrans) of the inflectional template "Intransitive verb" is incompatible with the category (n) of the stem.</failure>
	  <stem syncat="81" syncatAbbr="n" inflClass="99" inflClassAbbr="I" requiresInfl="+">
		<morph wordType="root">
		  <shortName>yalo (mat): yalo</shortName>
		  <stemMsa cat="81" catAbbr="n" inflClass="99" inflClassAbbr="I" requiresInfl="+" />
		</morph>
	  </stem>
	  <failure>The inflectional template named 'Intransitive verb' for category 'intransitive verb' failed because the required suffix slot 'Tense' was not found.</failure>
	</full>
  </seq>
  <seq step="Try to apply inflectional template 'Stative verb'.  The result will be a Full analysis node.">
	<morph wordType="proclitic">
	  <shortName>ke= (Question): ke</shortName>
	  <stemMsa cat="103" catAbbr="part" inflClass="0" requiresInfl="-" />
	</morph>
	<full syncat="81" syncatAbbr="n" requiresInfl="-" inflected="+">
	  <failure>The  category (sta) of the inflectional template "Stative verb" is incompatible with the category (n) of the stem.</failure>
	  <stem syncat="81" syncatAbbr="n" inflClass="99" inflClassAbbr="I" requiresInfl="+">
		<morph wordType="root">
		  <shortName>yalo (mat): yalo</shortName>
		  <stemMsa cat="81" catAbbr="n" inflClass="99" inflClassAbbr="I" requiresInfl="+" />
		</morph>
	  </stem>
	  <failure>The inflectional template named 'Stative verb' for category 'stative' failed because the required suffix slot 'Tense' was not found.</failure>
	</full>
  </seq>
  <seq step="Try to apply inflectional template 'Transitive verb'.  The result will be a Full analysis node.">
	<morph wordType="proclitic">
	  <shortName>ke= (Question): ke</shortName>
	  <stemMsa cat="103" catAbbr="part" inflClass="0" requiresInfl="-" />
	</morph>
	<full syncat="81" syncatAbbr="n" requiresInfl="-" inflected="+">
	  <failure>The  category (trans) of the inflectional template "Transitive verb" is incompatible with the category (n) of the stem.</failure>
	  <failure>The inflectional template named 'Transitive verb' for category 'transitive verb' failed because the required prefix slot 'Object' was not found.</failure>
	  <stem syncat="81" syncatAbbr="n" inflClass="99" inflClassAbbr="I" requiresInfl="+">
		<morph wordType="root">
		  <shortName>yalo (mat): yalo</shortName>
		  <stemMsa cat="81" catAbbr="n" inflClass="99" inflClassAbbr="I" requiresInfl="+" />
		</morph>
	  </stem>
	  <failure>The inflectional template named 'Transitive verb' for category 'transitive verb' failed because the required suffix slot 'Tense' was not found.</failure>
	</full>
  </seq>
  <seq step="Try to apply inflectional template 'Non-final Transitive '.  The result will be a Stem analysis node.">
	<morph wordType="proclitic">
	  <shortName>ke= (Question): ke</shortName>
	  <stemMsa cat="103" catAbbr="part" inflClass="0" requiresInfl="-" />
	</morph>
	<stem syncat="81" syncatAbbr="n" requiresInfl="+" inflected="-" blocksInflection="+">
	  <failure>The  category (trans) of the inflectional template "Non-final Transitive " is incompatible with the category (n) of the stem.</failure>
	  <failure>The inflectional template named 'Non-final Transitive ' for category 'transitive verb' failed because the required prefix slot 'Object' was not found.</failure>
	  <stem syncat="81" syncatAbbr="n" inflClass="99" inflClassAbbr="I" requiresInfl="+">
		<morph wordType="root">
		  <shortName>yalo (mat): yalo</shortName>
		  <stemMsa cat="81" catAbbr="n" inflClass="99" inflClassAbbr="I" requiresInfl="+" />
		</morph>
	  </stem></stem>
  </seq>
  <seq step="Try to apply inflectional template 'Bitransitive verb'.  The result will be a Full analysis node.">
	<morph wordType="proclitic">
	  <shortName>ke= (Question): ke</shortName>
	  <stemMsa cat="103" catAbbr="part" inflClass="0" requiresInfl="-" />
	</morph>
	<full syncat="81" syncatAbbr="n" requiresInfl="-" inflected="+">
	  <failure>The  category (bitrans) of the inflectional template "Bitransitive verb" is incompatible with the category (n) of the stem.</failure>
	  <failure>The inflectional template named 'Bitransitive verb' for category 'bitransitive verb' failed because the required prefix slot 'Object' was not found.</failure>
	  <stem syncat="81" syncatAbbr="n" inflClass="99" inflClassAbbr="I" requiresInfl="+">
		<morph wordType="root">
		  <shortName>yalo (mat): yalo</shortName>
		  <stemMsa cat="81" catAbbr="n" inflClass="99" inflClassAbbr="I" requiresInfl="+" />
		</morph>
	  </stem>
	  <failure>The inflectional template named 'Bitransitive verb' for category 'bitransitive verb' failed because the required suffix slot 'Tense' was not found.</failure>
	</full>
  </seq>
</word>